<?xml version="1.0" encoding="UTF-8"?>
<testng-results ignored="0" total="1" passed="0" failed="1" skipped="0">
  <reporter-output>
  </reporter-output>
  <suite started-at="2023-07-20T13:31:24 EDT" name="Default suite" finished-at="2023-07-20T13:31:38 EDT" duration-ms="13733">
    <groups>
      <group name="cucumber">
        <method signature="AbstractTestNGCucumberTests.feature(cucumber.api.testng.CucumberFeatureWrapper)[pri:0, instance:Demooblaze_Testruuuuner.Demooblaze_testrunnn@268f106e]" name="feature" class="cucumber.api.testng.AbstractTestNGCucumberTests"/>
      </group> <!-- cucumber -->
    </groups>
    <test started-at="2023-07-20T13:31:24 EDT" name="Default test" finished-at="2023-07-20T13:31:38 EDT" duration-ms="13733">
      <class name="Demooblaze_Testruuuuner.Demooblaze_testrunnn">
        <test-method is-config="true" signature="Demooblazestarturl()[pri:0, instance:Demooblaze_Testruuuuner.Demooblaze_testrunnn@268f106e]" started-at="2023-07-20T13:31:24 EDT" name="Demooblazestarturl" finished-at="2023-07-20T13:31:33 EDT" duration-ms="8632" status="PASS">
          <reporter-output>
          </reporter-output>
        </test-method> <!-- Demooblazestarturl -->
        <test-method is-config="true" signature="setUpClass()[pri:0, instance:Demooblaze_Testruuuuner.Demooblaze_testrunnn@268f106e]" started-at="2023-07-20T13:31:33 EDT" name="setUpClass" finished-at="2023-07-20T13:31:33 EDT" duration-ms="163" status="PASS">
          <reporter-output>
          </reporter-output>
        </test-method> <!-- setUpClass -->
        <test-method signature="feature(cucumber.api.testng.CucumberFeatureWrapper)[pri:0, instance:Demooblaze_Testruuuuner.Demooblaze_testrunnn@268f106e]" started-at="2023-07-20T13:31:33 EDT" name="feature" description="Runs Cucumber Feature" data-provider="features" finished-at="2023-07-20T13:31:38 EDT" duration-ms="4643" status="FAIL">
          <params>
            <param index="0">
              <value>
                <![CDATA[Sign up in feature]]>
              </value>
            </param>
          </params>
          <exception class="cucumber.runtime.CucumberException">
            <message>
              <![CDATA[java.lang.AssertionError: expected [true] but found [false]]]>
            </message>
            <full-stacktrace>
              <![CDATA[cucumber.runtime.CucumberException: java.lang.AssertionError: expected [true] but found [false]
at cucumber.api.testng.TestNGCucumberRunner.runCucumber(TestNGCucumberRunner.java:69)
at cucumber.api.testng.AbstractTestNGCucumberTests.feature(AbstractTestNGCucumberTests.java:21)
at java.base/jdk.internal.reflect.NativeMethodAccessorImpl.invoke0(Native Method)
at java.base/jdk.internal.reflect.NativeMethodAccessorImpl.invoke(NativeMethodAccessorImpl.java:62)
at java.base/jdk.internal.reflect.DelegatingMethodAccessorImpl.invoke(DelegatingMethodAccessorImpl.java:43)
at java.base/java.lang.reflect.Method.invoke(Method.java:566)
at org.testng.internal.invokers.MethodInvocationHelper.invokeMethod(MethodInvocationHelper.java:139)
at org.testng.internal.invokers.TestInvoker.invokeMethod(TestInvoker.java:677)
at org.testng.internal.invokers.TestInvoker.invokeTestMethod(TestInvoker.java:221)
at org.testng.internal.invokers.MethodRunner.runInSequence(MethodRunner.java:50)
at org.testng.internal.invokers.TestInvoker$MethodInvocationAgent.invoke(TestInvoker.java:969)
at org.testng.internal.invokers.TestInvoker.invokeTestMethods(TestInvoker.java:194)
at org.testng.internal.invokers.TestMethodWorker.invokeTestMethods(TestMethodWorker.java:148)
at org.testng.internal.invokers.TestMethodWorker.run(TestMethodWorker.java:128)
at java.base/java.util.ArrayList.forEach(ArrayList.java:1541)
at org.testng.TestRunner.privateRun(TestRunner.java:829)
at org.testng.TestRunner.run(TestRunner.java:602)
at org.testng.SuiteRunner.runTest(SuiteRunner.java:437)
at org.testng.SuiteRunner.runSequentially(SuiteRunner.java:431)
at org.testng.SuiteRunner.privateRun(SuiteRunner.java:391)
at org.testng.SuiteRunner.run(SuiteRunner.java:330)
at org.testng.SuiteRunnerWorker.runSuite(SuiteRunnerWorker.java:52)
at org.testng.SuiteRunnerWorker.run(SuiteRunnerWorker.java:95)
at org.testng.TestNG.runSuitesSequentially(TestNG.java:1256)
at org.testng.TestNG.runSuitesLocally(TestNG.java:1176)
at org.testng.TestNG.runSuites(TestNG.java:1099)
at org.testng.TestNG.run(TestNG.java:1067)
at org.testng.remote.AbstractRemoteTestNG.run(AbstractRemoteTestNG.java:115)
at org.testng.remote.RemoteTestNG.initAndRun(RemoteTestNG.java:251)
at org.testng.remote.RemoteTestNG.main(RemoteTestNG.java:77)
Caused by: java.lang.AssertionError: expected [true] but found [false]
at org.testng.Assert.fail(Assert.java:110)
at org.testng.Assert.failNotEquals(Assert.java:1577)
at org.testng.Assert.assertTrue(Assert.java:56)
at org.testng.Assert.assertTrue(Assert.java:66)
at Demooblaze_Actiooon.Profile_Page_action.Pro_file_page(Profile_Page_action.java:16)
at Demooblaze_Steppdeff.Demooblaze_Signup.verify_user_should_logggin(Demooblaze_Signup.java:61)
at âœ½.Then Verify user should logggin(Demooblaze_signup.feature:19)
]]>
            </full-stacktrace>
          </exception> <!-- cucumber.runtime.CucumberException -->
          <reporter-output>
          </reporter-output>
        </test-method> <!-- feature -->
        <test-method is-config="true" signature="tearDownClass()[pri:0, instance:Demooblaze_Testruuuuner.Demooblaze_testrunnn@268f106e]" started-at="2023-07-20T13:31:38 EDT" name="tearDownClass" finished-at="2023-07-20T13:31:38 EDT" duration-ms="15" status="PASS">
          <reporter-output>
          </reporter-output>
        </test-method> <!-- tearDownClass -->
        <test-method is-config="true" signature="Demooblazecloseurl()[pri:0, instance:Demooblaze_Testruuuuner.Demooblaze_testrunnn@268f106e]" started-at="2023-07-20T13:31:38 EDT" name="Demooblazecloseurl" finished-at="2023-07-20T13:31:38 EDT" duration-ms="162" status="PASS">
          <reporter-output>
          </reporter-output>
        </test-method> <!-- Demooblazecloseurl -->
      </class> <!-- Demooblaze_Testruuuuner.Demooblaze_testrunnn -->
    </test> <!-- Default test -->
  </suite> <!-- Default suite -->
</testng-results>
